<?xml version="1.0" encoding="UTF-8"?>
<robot generator="Robot 7.0 (Python 3.11.8 on win32)" generated="2024-06-07T16:46:37.063508" rpa="false" schemaversion="5">
<suite id="s1" name="Swipe" source="C:\repos\QAx\projects\yodapp-robot\tests\swipe.robot">
<test id="s1-t1" name="Deve poder remover o Darth Vader" line="5">
<kw name="Start Session" owner="base">
<kw name="Open Application" owner="AppiumLibrary">
<arg>http://localhost:4723</arg>
<arg>platformName=Android</arg>
<arg>deviceName=Android Emulator</arg>
<arg>automationName=UIAutomator2</arg>
<arg>app=${EXECDIR}/app/yodapp-beta.apk</arg>
<arg>udid=emulator-5554</arg>
<arg>autoGrantPermissions=true</arg>
<doc>Opens a new application to given Appium server.
Capabilities of appium server, Android and iOS,
Please check https://appium.io/docs/en/2.1/cli/args/
| *Option*            | *Man.* | *Description*     |
| remote_url          | Yes    | Appium server url |
| alias               | no     | alias             |
| strict_ssl          | No     | allows you to send commands to an invalid certificate host like a self-signed one. |</doc>
<status status="PASS" start="2024-06-07T16:46:37.263403" elapsed="8.731212"/>
</kw>
<status status="PASS" start="2024-06-07T16:46:37.262404" elapsed="8.733211"/>
</kw>
<kw name="Get started" owner="base">
<kw name="Wait Until Page Contains" owner="AppiumLibrary">
<arg>${START}</arg>
<arg>10</arg>
<doc>Waits until `text` appears on current page.</doc>
<status status="PASS" start="2024-06-07T16:46:45.995615" elapsed="5.354073"/>
</kw>
<kw name="Click Text" owner="AppiumLibrary">
<msg time="2024-06-07T16:46:52.009929" level="INFO">xpath criteria: //*[contains(@text,"QAX")]</msg>
<arg>${START}</arg>
<doc>Click text identified by ``text``.</doc>
<status status="PASS" start="2024-06-07T16:46:51.349688" elapsed="0.660241"/>
</kw>
<status status="PASS" start="2024-06-07T16:46:45.995615" elapsed="6.014314"/>
</kw>
<kw name="Navigate to" owner="base">
<kw name="Set Variable" owner="BuiltIn">
<msg time="2024-06-07T16:46:52.010941" level="INFO">${hamburguer} = xpath=//android.widget.ImageButton[@content-desc="Open navigation drawer"]</msg>
<var>${hamburguer}</var>
<arg>xpath=//android.widget.ImageButton[@content-desc="Open navigation drawer"]</arg>
<doc>Returns the given values which can then be assigned to a variables.</doc>
<status status="PASS" start="2024-06-07T16:46:52.010941" elapsed="0.000000"/>
</kw>
<kw name="Wait Until Element Is Visible" owner="AppiumLibrary">
<msg time="2024-06-07T16:46:53.319609" level="INFO">xpath criteria: //android.widget.ImageButton[@content-desc="Open navigation drawer"]
xpath criteria: //android.widget.ImageButton[@content-desc="Open navigation drawer"]</msg>
<arg>${hamburguer}</arg>
<arg>10</arg>
<doc>Waits until element specified with `locator` is visible.</doc>
<status status="PASS" start="2024-06-07T16:46:52.010941" elapsed="1.309671"/>
</kw>
<kw name="Click Element" owner="AppiumLibrary">
<msg time="2024-06-07T16:46:53.320612" level="INFO">Clicking element 'xpath=//android.widget.ImageButton[@content-desc="Open navigation drawer"]'.</msg>
<msg time="2024-06-07T16:46:53.472588" level="INFO">xpath criteria: //android.widget.ImageButton[@content-desc="Open navigation drawer"]</msg>
<arg>${hamburguer}</arg>
<doc>Click element identified by `locator`.</doc>
<status status="PASS" start="2024-06-07T16:46:53.320612" elapsed="0.153480"/>
</kw>
<kw name="Set Variable" owner="BuiltIn">
<msg time="2024-06-07T16:46:53.474092" level="INFO">${menu_item} = xpath=//*[@resource-id="com.qaxperience.yodapp:id/navView"]//*[@text="Star Wars"]</msg>
<var>${menu_item}</var>
<arg>xpath=//*[@resource-id="com.qaxperience.yodapp:id/navView"]//*[@text="${item_text}"]</arg>
<doc>Returns the given values which can then be assigned to a variables.</doc>
<status status="PASS" start="2024-06-07T16:46:53.474092" elapsed="0.000000"/>
</kw>
<kw name="Wait Until Element Is Visible" owner="AppiumLibrary">
<msg time="2024-06-07T16:46:54.428053" level="INFO">xpath criteria: //*[@resource-id="com.qaxperience.yodapp:id/navView"]//*[@text="Star Wars"]</msg>
<arg>${menu_item}</arg>
<arg>10</arg>
<doc>Waits until element specified with `locator` is visible.</doc>
<status status="PASS" start="2024-06-07T16:46:53.474092" elapsed="0.953961"/>
</kw>
<kw name="Click Element" owner="AppiumLibrary">
<msg time="2024-06-07T16:46:54.429069" level="INFO">Clicking element 'xpath=//*[@resource-id="com.qaxperience.yodapp:id/navView"]//*[@text="Star Wars"]'.</msg>
<msg time="2024-06-07T16:46:54.624613" level="INFO">xpath criteria: //*[@resource-id="com.qaxperience.yodapp:id/navView"]//*[@text="Star Wars"]</msg>
<arg>${menu_item}</arg>
<doc>Click element identified by `locator`.</doc>
<status status="PASS" start="2024-06-07T16:46:54.428053" elapsed="0.196560"/>
</kw>
<arg>Star Wars</arg>
<status status="PASS" start="2024-06-07T16:46:52.009929" elapsed="2.614684"/>
</kw>
<kw name="Go to item" owner="base">
<kw name="Wait Until Page Contains" owner="AppiumLibrary">
<arg>${item}</arg>
<arg>10</arg>
<doc>Waits until `text` appears on current page.</doc>
<status status="PASS" start="2024-06-07T16:46:54.624613" elapsed="0.980295"/>
</kw>
<kw name="Click Text" owner="AppiumLibrary">
<msg time="2024-06-07T16:46:57.437611" level="INFO">xpath criteria: //*[contains(@text,"Lista")]</msg>
<arg>${item}</arg>
<doc>Click text identified by ``text``.</doc>
<status status="PASS" start="2024-06-07T16:46:55.604908" elapsed="1.832703"/>
</kw>
<kw name="Wait Until Page Contains" owner="AppiumLibrary">
<arg>${checkpoint}</arg>
<doc>Waits until `text` appears on current page.</doc>
<status status="PASS" start="2024-06-07T16:46:57.437611" elapsed="0.121053"/>
</kw>
<arg>Lista</arg>
<arg>Darth Vader</arg>
<status status="PASS" start="2024-06-07T16:46:54.624613" elapsed="2.934051"/>
</kw>
<kw name="Get Element Location" owner="AppiumLibrary">
<msg time="2024-06-07T16:46:57.707719" level="INFO">Element 'xpath=//android.widget.FrameLayout[@resource-id="com.qaxperience.yodapp:id/fragment"]//*[contains(@text, "@darthvader")]/../../..//*[contains(@resource-id, "indicator")]' location: {'x': 970, 'y': 643} </msg>
<msg time="2024-06-07T16:46:57.707719" level="INFO">xpath criteria: //android.widget.FrameLayout[@resource-id="com.qaxperience.yodapp:id/fragment"]//*[contains(@text, "@darthvader")]/../../..//*[contains(@resource-id, "indicator")]</msg>
<msg time="2024-06-07T16:46:57.707719" level="INFO">${positions} = {'x': 970, 'y': 643}</msg>
<var>${positions}</var>
<arg>xpath=//android.widget.FrameLayout[@resource-id="com.qaxperience.yodapp:id/fragment"]//*[contains(@text, "@darthvader")]/../../..//*[contains(@resource-id, "indicator")]</arg>
<doc>Get element location</doc>
<status status="PASS" start="2024-06-07T16:46:57.558664" elapsed="0.149055"/>
</kw>
<kw name="Log" owner="BuiltIn">
<msg time="2024-06-07T16:46:57.708730" level="INFO">{'x': 970, 'y': 643}</msg>
<arg>message=${positions}</arg>
<arg>console=${True}</arg>
<doc>Logs the given message with the given level.</doc>
<status status="PASS" start="2024-06-07T16:46:57.708730" elapsed="0.000000"/>
</kw>
<kw name="Set Variable" owner="BuiltIn">
<msg time="2024-06-07T16:46:57.708730" level="INFO">${start_x} = 970</msg>
<var>${start_x}</var>
<arg>${positions}[x]</arg>
<doc>Returns the given values which can then be assigned to a variables.</doc>
<status status="PASS" start="2024-06-07T16:46:57.708730" elapsed="0.000000"/>
</kw>
<kw name="Set Variable" owner="BuiltIn">
<msg time="2024-06-07T16:46:57.709732" level="INFO">${start_y} = 643</msg>
<var>${start_y}</var>
<arg>${positions}[y]</arg>
<doc>Returns the given values which can then be assigned to a variables.</doc>
<status status="PASS" start="2024-06-07T16:46:57.709732" elapsed="0.000000"/>
</kw>
<kw name="Evaluate" owner="BuiltIn">
<msg time="2024-06-07T16:46:57.709732" level="INFO">${offset_x} = 220</msg>
<var>${offset_x}</var>
<arg>${positions}[x] - 750</arg>
<doc>Evaluates the given expression in Python and returns the result.</doc>
<status status="PASS" start="2024-06-07T16:46:57.709732" elapsed="0.000000"/>
</kw>
<kw name="Set Variable" owner="BuiltIn">
<msg time="2024-06-07T16:46:57.709732" level="INFO">${offset_y} = 643</msg>
<var>${offset_y}</var>
<arg>${positions}[y]</arg>
<doc>Returns the given values which can then be assigned to a variables.</doc>
<status status="PASS" start="2024-06-07T16:46:57.709732" elapsed="0.000000"/>
</kw>
<kw name="Swipe" owner="AppiumLibrary">
<arg>${start_x}</arg>
<arg>${start_y}</arg>
<arg>${offset_x}</arg>
<arg>${offset_y}</arg>
<arg>1000</arg>
<doc>Swipe from one point to another point, for an optional duration.</doc>
<status status="PASS" start="2024-06-07T16:46:57.709732" elapsed="1.445488"/>
</kw>
<kw name="Click Element" owner="AppiumLibrary">
<msg time="2024-06-07T16:46:59.156220" level="INFO">Clicking element 'com.qaxperience.yodapp:id/btnRemove'.</msg>
<msg time="2024-06-07T16:46:59.882388" level="INFO">criteria is com.qaxperience.yodapp:id/btnRemove</msg>
<arg>com.qaxperience.yodapp:id/btnRemove</arg>
<doc>Click element identified by `locator`.</doc>
<status status="PASS" start="2024-06-07T16:46:59.155220" elapsed="0.727168"/>
</kw>
<kw name="Wait Until Page Does Not Contain" owner="AppiumLibrary">
<arg>Darth Vader</arg>
<arg>5</arg>
<doc>Waits until `text` disappears from current page.</doc>
<status status="PASS" start="2024-06-07T16:46:59.882388" elapsed="0.993300"/>
</kw>
<kw name="Close session" owner="base">
<kw name="Close Application" owner="AppiumLibrary">
<doc>Closes the current application and also close webdriver session.</doc>
<status status="PASS" start="2024-06-07T16:47:00.875688" elapsed="0.344544"/>
</kw>
<status status="PASS" start="2024-06-07T16:47:00.875688" elapsed="0.344544"/>
</kw>
<status status="PASS" start="2024-06-07T16:46:37.262404" elapsed="23.957828"/>
</test>
<status status="PASS" start="2024-06-07T16:46:37.064512" elapsed="24.156720"/>
</suite>
<statistics>
<total>
<stat pass="1" fail="0" skip="0">All Tests</stat>
</total>
<tag>
</tag>
<suite>
<stat pass="1" fail="0" skip="0" id="s1" name="Swipe">Swipe</stat>
</suite>
</statistics>
<errors>
</errors>
</robot>
